2025-09-06 23:29:35,453 - INFO - Starting optimized data processing pipeline...
2025-09-06 23:29:35,453 - INFO - Processing BEIR IR datasets...
2025-09-06 23:29:35,453 - INFO - Processing BEIR dataset: arguana
2025-09-06 23:29:35,574 - INFO - Processed arguana: 10080 examples
2025-09-06 23:29:35,575 - INFO - Processing BEIR dataset: fiqa
2025-09-06 23:29:36,117 - INFO - Processed fiqa: 64286 examples
2025-09-06 23:29:36,117 - INFO - Processing BEIR dataset: nfcorpus
2025-09-06 23:29:36,190 - INFO - Processed nfcorpus: 6870 examples
2025-09-06 23:29:36,190 - INFO - Processing BEIR dataset: scifact
2025-09-06 23:29:36,341 - INFO - Processed scifact: 6292 examples
2025-09-06 23:29:36,341 - INFO - Processing MS MARCO Passage dataset...
2025-09-06 23:29:36,342 - INFO - BEIR IR processing complete: 87528 total examples
2025-09-06 23:29:36,366 - INFO - Processing MS MARCO QA dataset...
2025-09-06 23:29:36,366 - INFO - Processing MS MARCO QA train split...
2025-09-06 23:29:36,366 - INFO - Processing file: state.json
2025-09-06 23:29:36,367 - INFO - Processing file: dataset_info.json
2025-09-06 23:29:36,367 - INFO - Processed MS MARCO QA train: 0 examples
2025-09-06 23:29:36,367 - INFO - Processing MS MARCO QA validation split...
2025-09-06 23:29:36,367 - INFO - Processing file: state.json
2025-09-06 23:29:36,367 - INFO - Processing file: dataset_info.json
2025-09-06 23:29:36,368 - INFO - Processed MS MARCO QA validation: 0 examples
2025-09-06 23:29:36,368 - INFO - Processing MS MARCO QA test split...
2025-09-06 23:29:36,369 - INFO - Processing file: state.json
2025-09-06 23:29:36,369 - INFO - Processing file: dataset_info.json
2025-09-06 23:29:36,369 - INFO - Processed MS MARCO QA test: 0 examples
2025-09-06 23:29:36,370 - INFO - MS MARCO QA processing complete: 0 total examples
2025-09-06 23:29:36,389 - INFO - Processing Wikidata5M KG dataset...
2025-09-06 23:29:36,389 - INFO - Processing entities...
Loading entities: 0it [00:00, ?it/s]Loading entities: 50000it [00:00, 1239034.13it/s]
2025-09-06 23:29:36,564 - INFO - Processed 50000 entities
2025-09-06 23:29:36,565 - INFO - Processing relations...
Loading relations: 0it [00:00, ?it/s]Loading relations: 0it [00:00, ?it/s]
2025-09-06 23:29:36,566 - ERROR - Processing pipeline failed: 'utf-8' codec can't decode byte 0x80 in position 108: invalid start byte
Traceback (most recent call last):
  File "/Users/shivam/Documents/Shubham/Research project/optimized_data_processor.py", line 527, in <module>
    main()
  File "/Users/shivam/Documents/Shubham/Research project/optimized_data_processor.py", line 522, in main
    report = processor.run_processing_pipeline()
  File "/Users/shivam/Documents/Shubham/Research project/optimized_data_processor.py", line 462, in run_processing_pipeline
    self.process_wikidata5m_kg()
  File "/Users/shivam/Documents/Shubham/Research project/optimized_data_processor.py", line 271, in process_wikidata5m_kg
    for line in tqdm(f, desc="Loading relations"):
  File "/Users/shivam/miniforge3/envs/kg-dense/lib/python3.9/site-packages/tqdm/std.py", line 1181, in __iter__
    for obj in iterable:
  File "/Users/shivam/miniforge3/envs/kg-dense/lib/python3.9/codecs.py", line 322, in decode
    (result, consumed) = self._buffer_decode(data, self.errors, final)
UnicodeDecodeError: 'utf-8' codec can't decode byte 0x80 in position 108: invalid start byte
