2025-09-06 16:14:40,877 - INFO - Available disk space: 79.8 GB
2025-09-06 16:14:40,877 - INFO - Starting dataset downloads in order of size...
2025-09-06 16:14:40,877 - INFO - Starting BEIR datasets download...
2025-09-06 16:14:40,877 - INFO - Downloading BEIR nfcorpus (0.03 GB)...
2025-09-06 16:14:45,702 - ERROR - ✗ Failed to download BEIR nfcorpus: BuilderConfig 'nfcorpus' not found. Available: ['fiqa', 'trec-covid', '']
2025-09-06 16:14:45,703 - INFO - Downloading BEIR scifact (0.01 GB)...
2025-09-06 16:14:49,617 - ERROR - ✗ Failed to download BEIR scifact: BuilderConfig 'scifact' not found. Available: ['fiqa', 'trec-covid', '']
2025-09-06 16:14:49,618 - INFO - Downloading BEIR arguana (0.01 GB)...
2025-09-06 16:14:52,460 - ERROR - ✗ Failed to download BEIR arguana: BuilderConfig 'arguana' not found. Available: ['fiqa', 'trec-covid', '']
2025-09-06 16:14:52,460 - INFO - Downloading BEIR fiqa (0.1 GB)...
2025-09-06 16:14:56,169 - ERROR - ✗ Failed to download BEIR fiqa: Couldn't find file at https://huggingface.co/datasets/BeIR/beir/resolve/main/fiqa/queries.jsonl
2025-09-06 16:14:56,170 - INFO - BEIR datasets download completed
2025-09-06 16:14:56,170 - INFO - Starting Wikidata5M download (1.8GB)...
2025-09-06 16:14:56,171 - INFO - Downloading entities...
2025-09-06 16:14:57,200 - INFO - Downloading relations...
2025-09-06 16:14:58,339 - INFO - Downloading triples_train...
2025-09-06 16:14:59,758 - INFO - Downloading triples_valid...
2025-09-06 16:15:00,234 - INFO - Downloading triples_test...
2025-09-06 16:15:00,630 - INFO - ✓ Wikidata5M download completed
2025-09-06 16:15:00,630 - INFO - Starting MS MARCO QA download (2.5GB)...
2025-09-06 16:18:30,900 - INFO - ✓ MS MARCO QA download completed
2025-09-06 16:18:30,905 - INFO - Starting MS MARCO Passage download (3.2GB)...
2025-09-06 16:18:54,585 - INFO - ✓ MS MARCO Passage download completed
2025-09-06 16:18:54,609 - INFO - Available disk space: 68.7 GB
